# JRE version: OpenJDK Runtime Environment (17.0.11) (build 17.0.11+0--11852314)
# Java VM: OpenJDK 64-Bit Server VM (17.0.11+0--11852314, mixed mode, tiered, compressed oops, compressed class ptrs, g1 gc, windows-amd64)
GC Precious Log:
 CPUs: 12 total, 12 available
 Memory: 32694M
 Large Page Support: Disabled
 NUMA Support: Disabled
 Compressed Oops: Enabled (32-bit)
 Heap Region Size: 1M
 Heap Min Capacity: 8M
 Heap Initial Capacity: 512M
 Heap Max Capacity: 2G
 Pre-touch: Disabled
 Parallel Workers: 10
 Concurrent Workers: 3
 Concurrent Refinement Workers: 10
 Periodic GC: Disabled
Heap:
 garbage-first heap   total 406528K, used 121021K [0x0000000080000000, 0x0000000100000000)
  region size 1024K, 3 young (3072K), 3 survivors (3072K)
 Metaspace       used 144895K, committed 146880K, reserved 1179648K
  class space    used 19357K, committed 20416K, reserved 1048576K
GC Heap History (20 events):
Event: 7120.171 GC heap after
{Heap after GC invocations=82 (full 0):
 garbage-first heap   total 406528K, used 116633K [0x0000000080000000, 0x0000000100000000)
  region size 1024K, 2 young (2048K), 2 survivors (2048K)
 Metaspace       used 144458K, committed 146432K, reserved 1179648K
  class space    used 19405K, committed 20416K, reserved 1048576K
}
Event: 7120.328 GC heap before
{Heap before GC invocations=82 (full 0):
 garbage-first heap   total 406528K, used 187289K [0x0000000080000000, 0x0000000100000000)
  region size 1024K, 73 young (74752K), 2 survivors (2048K)
 Metaspace       used 144534K, committed 146496K, reserved 1179648K
  class space    used 19405K, committed 20416K, reserved 1048576K
}
Event: 7120.344 GC heap after
{Heap after GC invocations=83 (full 0):
 garbage-first heap   total 406528K, used 122129K [0x0000000080000000, 0x0000000100000000)
  region size 1024K, 7 young (7168K), 7 survivors (7168K)
 Metaspace       used 144534K, committed 146496K, reserved 1179648K
  class space    used 19405K, committed 20416K, reserved 1048576K
}
Event: 11241.425 GC heap before
{Heap before GC invocations=84 (full 0):
 garbage-first heap   total 406528K, used 314641K [0x0000000080000000, 0x0000000100000000)
  region size 1024K, 175 young (179200K), 7 survivors (7168K)
 Metaspace       used 144416K, committed 146496K, reserved 1179648K
  class space    used 19391K, committed 20416K, reserved 1048576K
}
Event: 11241.471 GC heap after
{Heap after GC invocations=85 (full 0):
 garbage-first heap   total 406528K, used 123748K [0x0000000080000000, 0x0000000100000000)
  region size 1024K, 9 young (9216K), 9 survivors (9216K)
 Metaspace       used 144416K, committed 146496K, reserved 1179648K
  class space    used 19391K, committed 20416K, reserved 1048576K
}
Event: 11241.614 GC heap before
{Heap before GC invocations=85 (full 0):
 garbage-first heap   total 406528K, used 133988K [0x0000000080000000, 0x0000000100000000)
  region size 1024K, 19 young (19456K), 9 survivors (9216K)
 Metaspace       used 144418K, committed 146496K, reserved 1179648K
  class space    used 19391K, committed 20416K, reserved 1048576K
}
Event: 11241.645 GC heap after
{Heap after GC invocations=86 (full 0):
 garbage-first heap   total 406528K, used 122512K [0x0000000080000000, 0x0000000100000000)
  region size 1024K, 3 young (3072K), 3 survivors (3072K)
 Metaspace       used 144418K, committed 146496K, reserved 1179648K
  class space    used 19391K, committed 20416K, reserved 1048576K
}
Event: 11241.720 GC heap before
{Heap before GC invocations=86 (full 0):
 garbage-first heap   total 406528K, used 127632K [0x0000000080000000, 0x0000000100000000)
  region size 1024K, 10 young (10240K), 3 survivors (3072K)
 Metaspace       used 144434K, committed 146496K, reserved 1179648K
  class space    used 19391K, committed 20416K, reserved 1048576K
}
Event: 11241.733 GC heap after
{Heap after GC invocations=87 (full 0):
 garbage-first heap   total 406528K, used 121993K [0x0000000080000000, 0x0000000100000000)
  region size 1024K, 3 young (3072K), 3 survivors (3072K)
 Metaspace       used 144434K, committed 146496K, reserved 1179648K
  class space    used 19391K, committed 20416K, reserved 1048576K
}
Event: 11246.891 GC heap before
{Heap before GC invocations=88 (full 0):
 garbage-first heap   total 406528K, used 323721K [0x0000000080000000, 0x0000000100000000)
  region size 1024K, 177 young (181248K), 3 survivors (3072K)
 Metaspace       used 144387K, committed 146560K, reserved 1179648K
  class space    used 19307K, committed 20416K, reserved 1048576K
}
Event: 11246.896 GC heap after
{Heap after GC invocations=89 (full 0):
 garbage-first heap   total 406528K, used 130421K [0x0000000080000000, 0x0000000100000000)
  region size 1024K, 10 young (10240K), 10 survivors (10240K)
 Metaspace       used 144387K, committed 146560K, reserved 1179648K
  class space    used 19307K, committed 20416K, reserved 1048576K
}
Event: 11246.929 GC heap before
{Heap before GC invocations=89 (full 0):
 garbage-first heap   total 406528K, used 141685K [0x0000000080000000, 0x0000000100000000)
  region size 1024K, 19 young (19456K), 10 survivors (10240K)
 Metaspace       used 144455K, committed 146560K, reserved 1179648K
  class space    used 19315K, committed 20416K, reserved 1048576K
}
Event: 11246.944 GC heap after
{Heap after GC invocations=90 (full 0):
 garbage-first heap   total 406528K, used 108760K [0x0000000080000000, 0x0000000100000000)
  region size 1024K, 2 young (2048K), 2 survivors (2048K)
 Metaspace       used 144455K, committed 146560K, reserved 1179648K
  class space    used 19315K, committed 20416K, reserved 1048576K
}
Event: 11247.196 GC heap before
{Heap before GC invocations=90 (full 0):
 garbage-first heap   total 406528K, used 199896K [0x0000000080000000, 0x0000000100000000)
  region size 1024K, 93 young (95232K), 2 survivors (2048K)
 Metaspace       used 144599K, committed 146752K, reserved 1179648K
  class space    used 19315K, committed 20416K, reserved 1048576K
}
Event: 11247.199 GC heap after
{Heap after GC invocations=91 (full 0):
 garbage-first heap   total 406528K, used 113447K [0x0000000080000000, 0x0000000100000000)
  region size 1024K, 6 young (6144K), 6 survivors (6144K)
 Metaspace       used 144599K, committed 146752K, reserved 1179648K
  class space    used 19315K, committed 20416K, reserved 1048576K
}
Event: 11346.995 GC heap before
{Heap before GC invocations=92 (full 0):
 garbage-first heap   total 399360K, used 352039K [0x0000000080000000, 0x0000000100000000)
  region size 1024K, 200 young (204800K), 6 survivors (6144K)
 Metaspace       used 144889K, committed 146880K, reserved 1179648K
  class space    used 19357K, committed 20416K, reserved 1048576K
}
Event: 11347.012 GC heap after
{Heap after GC invocations=93 (full 0):
 garbage-first heap   total 399360K, used 122496K [0x0000000080000000, 0x0000000100000000)
  region size 1024K, 15 young (15360K), 15 survivors (15360K)
 Metaspace       used 144889K, committed 146880K, reserved 1179648K
  class space    used 19357K, committed 20416K, reserved 1048576K
}
Event: 11347.016 GC heap before
{Heap before GC invocations=93 (full 0):
 garbage-first heap   total 399360K, used 126592K [0x0000000080000000, 0x0000000100000000)
  region size 1024K, 19 young (19456K), 15 survivors (15360K)
 Metaspace       used 144889K, committed 146880K, reserved 1179648K
  class space    used 19357K, committed 20416K, reserved 1048576K
}
Event: 11347.026 GC heap after
{Heap after GC invocations=94 (full 0):
 garbage-first heap   total 399360K, used 120599K [0x0000000080000000, 0x0000000100000000)
  region size 1024K, 3 young (3072K), 3 survivors (3072K)
 Metaspace       used 144889K, committed 146880K, reserved 1179648K
  class space    used 19357K, committed 20416K, reserved 1048576K
}
Event: 11347.102 GC heap before
{Heap before GC invocations=94 (full 0):
 garbage-first heap   total 399360K, used 145175K [0x0000000080000000, 0x0000000100000000)
  region size 1024K, 29 young (29696K), 3 survivors (3072K)
 Metaspace       used 144895K, committed 146880K, reserved 1179648K
  class space    used 19357K, committed 20416K, reserved 1048576K
}

